<?xml version="1.0" encoding="UTF-8"?>
<testsuite xmlns:xsi="http://www.w3.org/2001/XMLSchema-instance" xsi:noNamespaceSchemaLocation="https://maven.apache.org/surefire/maven-surefire-plugin/xsd/surefire-test-report.xsd" name="com.calculator.runner.TestRunner" time="6.316" tests="56" errors="18" skipped="12" failures="0">
  <properties>
[...]
</properties>
  <testcase name="Given calculator app is up and running" classname="| 2 | 3 |" time="0.017">
    <error message="invalid argument&#10;  (Session info: chrome=95.0.4638.69)&#10;Build info: version: &apos;3.141.59&apos;, revision: &apos;e82be7d358&apos;, time: &apos;2018-11-14T08:17:03&apos;&#10;System info: host: &apos;LAPTOP-NQ28SJGQ&apos;, ip: &apos;172.27.96.1&apos;, os.name: &apos;Windows 10&apos;, os.arch: &apos;amd64&apos;, os.version: &apos;10.0&apos;, java.version: &apos;1.8.0_251&apos;&#10;Driver info: org.openqa.selenium.chrome.ChromeDriver&#10;Capabilities {acceptInsecureCerts: false, browserName: chrome, browserVersion: 95.0.4638.69, chrome: {chromedriverVersion: 95.0.4638.69 (6a1600ed572fe..., userDataDir: C:\Users\mrman\AppData\Loca...}, goog:chromeOptions: {debuggerAddress: localhost:64190}, javascriptEnabled: true, networkConnectionEnabled: false, pageLoadStrategy: normal, platform: WINDOWS, platformName: WINDOWS, proxy: Proxy(), setWindowRect: true, strictFileInteractability: false, timeouts: {implicit: 0, pageLoad: 300000, script: 30000}, unhandledPromptBehavior: dismiss and notify, webauthn:extension:credBlob: true, webauthn:extension:largeBlob: true, webauthn:virtualAuthenticators: true}&#10;Session ID: 6eba5dc5e322bd834f917f267855c2b4" type="org.openqa.selenium.InvalidArgumentException">org.openqa.selenium.InvalidArgumentException: 
invalid argument
  (Session info: chrome=95.0.4638.69)
Build info: version: '3.141.59', revision: 'e82be7d358', time: '2018-11-14T08:17:03'
System info: host: 'LAPTOP-NQ28SJGQ', ip: '172.27.96.1', os.name: 'Windows 10', os.arch: 'amd64', os.version: '10.0', java.version: '1.8.0_251'
Driver info: org.openqa.selenium.chrome.ChromeDriver
Capabilities {acceptInsecureCerts: false, browserName: chrome, browserVersion: 95.0.4638.69, chrome: {chromedriverVersion: 95.0.4638.69 (6a1600ed572fe..., userDataDir: C:\Users\mrman\AppData\Loca...}, goog:chromeOptions: {debuggerAddress: localhost:64190}, javascriptEnabled: true, networkConnectionEnabled: false, pageLoadStrategy: normal, platform: WINDOWS, platformName: WINDOWS, proxy: Proxy(), setWindowRect: true, strictFileInteractability: false, timeouts: {implicit: 0, pageLoad: 300000, script: 30000}, unhandledPromptBehavior: dismiss and notify, webauthn:extension:credBlob: true, webauthn:extension:largeBlob: true, webauthn:virtualAuthenticators: true}
Session ID: 6eba5dc5e322bd834f917f267855c2b4
</error>
    <system-out><![CDATA[chrome
Before navigating to: 'google.com'
]]></system-out>
    <system-err><![CDATA[SLF4J: Failed to load class "org.slf4j.impl.StaticLoggerBinder".
SLF4J: Defaulting to no-operation (NOP) logger implementation
SLF4J: See http://www.slf4j.org/codes.html#StaticLoggerBinder for further details.
Starting ChromeDriver 95.0.4638.69 (6a1600ed572fedecd573b6c2b90a22fe6392a410-refs/branch-heads/4638@{#984}) on port 1947
Only local connections are allowed.
Please see https://chromedriver.chromium.org/security-considerations for suggestions on keeping ChromeDriver safe.
ChromeDriver was started successfully.
[1636600566.794][WARNING]: Deprecated chrome option is ignored: useAutomationExtension
[1636600566.794][WARNING]: Deprecated chrome option is ignored: useAutomationExtension
Nov 11, 2021 8:46:08 AM org.openqa.selenium.remote.ProtocolHandshake createSession
INFO: Detected dialect: W3C
]]></system-err>
  </testcase>
  <testcase name="Given calculator app is up and running" classname="| 2 | 3 |" time="0"/>
  <testcase name="Given calculator app is up and running" classname="| 2 | 3 |" time="0.001"/>
  <testcase name="Given calculator app is up and running" classname="| 2 | 3 |" time="0"/>
  <testcase name="Given calculator app is up and running" classname="| 2 | 3 |" time="0"/>
  <testcase name="Given calculator app is up and running" classname="| 2 | 3 |" time="0"/>
  <testcase name="| 2 | 3 |" classname="| 2 | 3 |" time="0.019">
    <error message="invalid argument&#10;  (Session info: chrome=95.0.4638.69)&#10;Build info: version: &apos;3.141.59&apos;, revision: &apos;e82be7d358&apos;, time: &apos;2018-11-14T08:17:03&apos;&#10;System info: host: &apos;LAPTOP-NQ28SJGQ&apos;, ip: &apos;172.27.96.1&apos;, os.name: &apos;Windows 10&apos;, os.arch: &apos;amd64&apos;, os.version: &apos;10.0&apos;, java.version: &apos;1.8.0_251&apos;&#10;Driver info: org.openqa.selenium.chrome.ChromeDriver&#10;Capabilities {acceptInsecureCerts: false, browserName: chrome, browserVersion: 95.0.4638.69, chrome: {chromedriverVersion: 95.0.4638.69 (6a1600ed572fe..., userDataDir: C:\Users\mrman\AppData\Loca...}, goog:chromeOptions: {debuggerAddress: localhost:64190}, javascriptEnabled: true, networkConnectionEnabled: false, pageLoadStrategy: normal, platform: WINDOWS, platformName: WINDOWS, proxy: Proxy(), setWindowRect: true, strictFileInteractability: false, timeouts: {implicit: 0, pageLoad: 300000, script: 30000}, unhandledPromptBehavior: dismiss and notify, webauthn:extension:credBlob: true, webauthn:extension:largeBlob: true, webauthn:virtualAuthenticators: true}&#10;Session ID: 6eba5dc5e322bd834f917f267855c2b4" type="org.openqa.selenium.InvalidArgumentException">org.openqa.selenium.InvalidArgumentException: 
invalid argument
  (Session info: chrome=95.0.4638.69)
Build info: version: '3.141.59', revision: 'e82be7d358', time: '2018-11-14T08:17:03'
System info: host: 'LAPTOP-NQ28SJGQ', ip: '172.27.96.1', os.name: 'Windows 10', os.arch: 'amd64', os.version: '10.0', java.version: '1.8.0_251'
Driver info: org.openqa.selenium.chrome.ChromeDriver
Capabilities {acceptInsecureCerts: false, browserName: chrome, browserVersion: 95.0.4638.69, chrome: {chromedriverVersion: 95.0.4638.69 (6a1600ed572fe..., userDataDir: C:\Users\mrman\AppData\Loca...}, goog:chromeOptions: {debuggerAddress: localhost:64190}, javascriptEnabled: true, networkConnectionEnabled: false, pageLoadStrategy: normal, platform: WINDOWS, platformName: WINDOWS, proxy: Proxy(), setWindowRect: true, strictFileInteractability: false, timeouts: {implicit: 0, pageLoad: 300000, script: 30000}, unhandledPromptBehavior: dismiss and notify, webauthn:extension:credBlob: true, webauthn:extension:largeBlob: true, webauthn:virtualAuthenticators: true}
Session ID: 6eba5dc5e322bd834f917f267855c2b4
</error>
  </testcase>
  <testcase name="| 2 | 3 |" classname="| 2 | 3 |" time="0.001">
    <error type="java.lang.NullPointerException">java.lang.NullPointerException
</error>
  </testcase>
  <testcase name="| 2 | 3 |" classname="| 2 | 3 |" time="0.002">
    <error type="java.lang.NullPointerException">java.lang.NullPointerException
</error>
  </testcase>
  <testcase name="| 2 | 3 |" classname="| 2 | 3 |" time="0">
    <error type="java.lang.NullPointerException">java.lang.NullPointerException
</error>
  </testcase>
  <testcase name="| 2 | 3 |" classname="| 2 | 3 |" time="0.003">
    <error type="java.lang.NullPointerException">java.lang.NullPointerException
</error>
  </testcase>
  <testcase name="| 2 | 3 |" classname="| 2 | 3 |" time="0.003">
    <error type="java.lang.NullPointerException">java.lang.NullPointerException
</error>
  </testcase>
  <testcase name="Given I want perfrom mathematical operation with &quot;2&quot;" classname="| 2 | 3 |" time="0">
    <skipped/>
  </testcase>
  <testcase name="Given I want perfrom mathematical operation with &quot;2&quot;" classname="| 2 | 3 |" time="0"/>
  <testcase name="Given I want perfrom mathematical operation with &quot;2&quot;" classname="| 2 | 3 |" time="0.001"/>
  <testcase name="Given I want perfrom mathematical operation with &quot;2&quot;" classname="| 2 | 3 |" time="0"/>
  <testcase name="Given I want perfrom mathematical operation with &quot;2&quot;" classname="| 2 | 3 |" time="0"/>
  <testcase name="Given I want perfrom mathematical operation with &quot;2&quot;" classname="| 2 | 3 |" time="0.002"/>
  <testcase name="And I want perfrom mathematical operation with &quot;3&quot;" classname="| 2 | 3 |" time="0">
    <skipped/>
  </testcase>
  <testcase name="And I want perfrom mathematical operation with &quot;3&quot;" classname="| 2 | 3 |" time="0"/>
  <testcase name="And I want perfrom mathematical operation with &quot;3&quot;" classname="| 2 | 3 |" time="0"/>
  <testcase name="And I want perfrom mathematical operation with &quot;3&quot;" classname="| 2 | 3 |" time="0"/>
  <testcase name="And I want perfrom mathematical operation with &quot;3&quot;" classname="| 2 | 3 |" time="0"/>
  <testcase name="And I want perfrom mathematical operation with &quot;3&quot;" classname="| 2 | 3 |" time="0"/>
  <testcase name="When i perform addition" classname="| 2 | 3 |" time="0">
    <skipped/>
  </testcase>
  <testcase name="When i perform addition" classname="| 2 | 3 |" time="0.001">
    <error type="java.lang.NullPointerException">java.lang.NullPointerException
</error>
  </testcase>
  <testcase name="Then addition result displayed correctly" classname="| 2 | 3 |" time="0">
    <skipped/>
  </testcase>
  <testcase name="Then addition result displayed correctly" classname="| 2 | 3 |" time="0">
    <skipped/>
  </testcase>
  <testcase name="Given calculator app is up and running" classname="| 2 | 3 | 23 |" time="0"/>
  <testcase name="Given I want perfrom mathematical operation with &quot;2&quot;" classname="| 2 | 3 | 23 |" time="0"/>
  <testcase name="And I want perfrom mathematical operation with &quot;3&quot;" classname="| 2 | 3 | 23 |" time="0"/>
  <testcase name="And I want perfrom mathematical operation with &quot;23&quot;" classname="| 2 | 3 | 23 |" time="0"/>
  <testcase name="When i perform substraction" classname="| 2 | 3 | 23 |" time="0">
    <error type="java.lang.NullPointerException">java.lang.NullPointerException
</error>
  </testcase>
  <testcase name="| 2 | 3 | 23 |" classname="| 2 | 3 | 23 |" time="0.001">
    <error type="java.lang.NullPointerException">java.lang.NullPointerException
</error>
  </testcase>
  <testcase name="Then substraction result displayed correctly" classname="| 2 | 3 | 23 |" time="0">
    <skipped/>
  </testcase>
  <testcase name="Given calculator app is up and running" classname="| 2 | 3 | 34 |" time="0"/>
  <testcase name="Given I want perfrom mathematical operation with &quot;2&quot;" classname="| 2 | 3 | 34 |" time="0"/>
  <testcase name="And I want perfrom mathematical operation with &quot;3&quot;" classname="| 2 | 3 | 34 |" time="0"/>
  <testcase name="And I want perfrom mathematical operation with &quot;34&quot;" classname="| 2 | 3 | 34 |" time="0"/>
  <testcase name="When i perform substraction" classname="| 2 | 3 | 34 |" time="0">
    <error type="java.lang.NullPointerException">java.lang.NullPointerException
</error>
  </testcase>
  <testcase name="| 2 | 3 | 34 |" classname="| 2 | 3 | 34 |" time="0.001">
    <error type="java.lang.NullPointerException">java.lang.NullPointerException
</error>
  </testcase>
  <testcase name="Then substraction result displayed correctly" classname="| 2 | 3 | 34 |" time="0">
    <skipped/>
  </testcase>
  <testcase name="When i perform multiplication" classname="| 2 | 3 |" time="0.001">
    <error type="java.lang.NullPointerException">java.lang.NullPointerException
</error>
  </testcase>
  <testcase name="When i perform multiplication" classname="| 2 | 3 |" time="0">
    <error type="java.lang.NullPointerException">java.lang.NullPointerException
</error>
  </testcase>
  <testcase name="Then multiplication result displayed correctly" classname="| 2 | 3 |" time="0">
    <skipped/>
  </testcase>
  <testcase name="Then multiplication result displayed correctly" classname="| 2 | 3 |" time="0">
    <skipped/>
  </testcase>
  <testcase name="Then multiplication result displayed correctly" classname="| 2 | 3 |" time="0">
    <skipped/>
  </testcase>
  <testcase name="Then multiplication result displayed correctly" classname="| 2 | 3 |" time="0">
    <skipped/>
  </testcase>
  <testcase name="When i perform division" classname="| 2 | 3 |" time="0.002">
    <error type="java.lang.NullPointerException">java.lang.NullPointerException
</error>
  </testcase>
  <testcase name="When i perform division" classname="| 2 | 3 |" time="0.002">
    <error type="java.lang.NullPointerException">java.lang.NullPointerException
</error>
  </testcase>
  <testcase name="Given calculator app is up and running" classname="| 5 | 0 |" time="0"/>
  <testcase name="Given I want perfrom mathematical operation with &quot;5&quot;" classname="| 5 | 0 |" time="0"/>
  <testcase name="And I want perfrom mathematical operation with &quot;0&quot;" classname="| 5 | 0 |" time="0"/>
  <testcase name="When i perform division" classname="| 5 | 0 |" time="0.001">
    <error type="java.lang.NullPointerException">java.lang.NullPointerException
</error>
  </testcase>
  <testcase name="| 5 | 0 |" classname="| 5 | 0 |" time="0.001">
    <error type="java.lang.NullPointerException">java.lang.NullPointerException
</error>
  </testcase>
  <testcase name="Then verify &quot;Error&quot; displayed" classname="| 5 | 0 |" time="0">
    <skipped/>
  </testcase>
</testsuite>