<?xml version="1.0" encoding="UTF-8"?>
<testsuite xmlns:xsi="http://www.w3.org/2001/XMLSchema-instance" xsi:noNamespaceSchemaLocation="https://maven.apache.org/surefire/maven-surefire-plugin/xsd/surefire-test-report.xsd" name="com.calculator.runner.TestRunner" time="9.903" tests="12" errors="0" skipped="0" failures="0">
  <properties>
[...]
</properties>
  <testcase name="Given calculator app is up and running" classname="| 2 | 3 |" time="0.001"/>
  <testcase name="Given calculator app is up and running" classname="| 2 | 3 |" time="0"/>
  <testcase name="Given I want perfrom addition with &quot;2&quot;" classname="| 2 | 3 |" time="0"/>
  <testcase name="Given I want perfrom addition with &quot;2&quot;" classname="| 2 | 3 |" time="0"/>
  <testcase name="And I want perfrom addition with &quot;3&quot;" classname="| 2 | 3 |" time="0"/>
  <testcase name="And I want perfrom addition with &quot;3&quot;" classname="| 2 | 3 |" time="0"/>
  <testcase name="When i perform addition" classname="| 2 | 3 |" time="0"/>
  <testcase name="When i perform addition" classname="| 2 | 3 |" time="0"/>
  <testcase name="Then result displayed correctly" classname="| 2 | 3 |" time="0"/>
  <testcase name="Then result displayed correctly" classname="| 2 | 3 |" time="0"/>
  <testcase name="| 2 | 3 |" classname="| 2 | 3 |" time="0.001"/>
  <testcase name="| 2 | 3 |" classname="| 2 | 3 |" time="0"/>
</testsuite>